c:\users\mainuser\desktop\school\cst420\cst420_assignment03_try2\cst420_assignment03_try2\debug\vc120.pdb
c:\users\mainuser\desktop\school\cst420\cst420_assignment03_try2\cst420_assignment03_try2\debug\vc120.idb
c:\users\mainuser\desktop\school\cst420\cst420_assignment03_try2\cst420_assignment03_try2\debug\main.obj
c:\users\mainuser\desktop\school\cst420\cst420_assignment03_try2\cst420_assignment03_try2\debug\maindisplay.obj
c:\users\mainuser\desktop\school\cst420\cst420_assignment03_try2\cst420_assignment03_try2\debug\rider.obj
c:\users\mainuser\desktop\school\cst420\cst420_assignment03_try2\cst420_assignment03_try2\debug\stage.obj
c:\users\mainuser\desktop\school\cst420\cst420_assignment03_try2\cst420_assignment03_try2\debug\raceanalyzer.obj
c:\codingstuff\c++\cst420\cst420_assignment03_try2\cst420_assignment03_try2\debug\vc120.pdb
c:\codingstuff\c++\cst420\cst420_assignment03_try2\cst420_assignment03_try2\debug\vc120.idb
c:\codingstuff\c++\cst420\cst420_assignment03_try2\cst420_assignment03_try2\debug\main.obj
c:\codingstuff\c++\cst420\cst420_assignment03_try2\cst420_assignment03_try2\debug\maindisplay.obj
c:\codingstuff\c++\cst420\cst420_assignment03_try2\cst420_assignment03_try2\debug\rider.obj
c:\codingstuff\c++\cst420\cst420_assignment03_try2\cst420_assignment03_try2\debug\stage.obj
c:\users\mainuser\desktop\school\cst420\cst420_assignment03_try2\debug\cst420_assignment03_try2.ilk
c:\users\mainuser\desktop\school\cst420\cst420_assignment03_try2\debug\cst420_assignment03_try2.exe
c:\users\mainuser\desktop\school\cst420\cst420_assignment03_try2\debug\cst420_assignment03_try2.pdb
c:\codingstuff\c++\cst420\cst420_assignment03_try2\debug\cst420_assignment03_try2.pdb
c:\codingstuff\c++\cst420\cst420_assignment03_try2\debug\cst420_assignment03_try2.exe
c:\codingstuff\c++\cst420\cst420_assignment03_try2\debug\cst420_assignment03_try2.ilk
c:\codingstuff\c++\cst420\cst420_assignment03_try2\cst420_assignment03_try2\debug\cst420_a.ef5e0d6d.tlog\cl.command.1.tlog
c:\codingstuff\c++\cst420\cst420_assignment03_try2\cst420_assignment03_try2\debug\cst420_a.ef5e0d6d.tlog\cl.read.1.tlog
c:\codingstuff\c++\cst420\cst420_assignment03_try2\cst420_assignment03_try2\debug\cst420_a.ef5e0d6d.tlog\cl.write.1.tlog
c:\codingstuff\c++\cst420\cst420_assignment03_try2\cst420_assignment03_try2\debug\cst420_a.ef5e0d6d.tlog\link.command.1.tlog
c:\codingstuff\c++\cst420\cst420_assignment03_try2\cst420_assignment03_try2\debug\cst420_a.ef5e0d6d.tlog\link.read.1.tlog
c:\codingstuff\c++\cst420\cst420_assignment03_try2\cst420_assignment03_try2\debug\cst420_a.ef5e0d6d.tlog\link.write.1.tlog
